<?xml version="1.0" encoding="UTF-8"?>
<!-- Generated by org.testng.reporters.JUnitXMLReporter -->
<testsuite ignored="0" hostname="INLEN8520016843" failures="3" tests="7" name="iNetBankingApp Test" time="74.216" errors="0" timestamp="2023-08-11T16:38:57 IST">
  <testcase classname="com.iNetBanking.testCases.TC_LoginTest001" name="loginTest" time="3.187"/>
  <testcase classname="com.iNetBanking.testCases.TC_LoginDDT_002" name="loginDDT" time="8.79"/>
  <testcase classname="com.iNetBanking.testCases.TC_LoginDDT_002" name="loginDDT" time="9.76">
    <failure type="java.lang.AssertionError" message="expected [true] but found [false]">
      <![CDATA[java.lang.AssertionError: expected [true] but found [false]
at com.iNetBanking.testCases.TC_LoginDDT_002.loginDDT(TC_LoginDDT_002.java:31)
at java.base/java.util.ArrayList.forEach(ArrayList.java:1511)
... Removed 29 stack frames]]>
    </failure>
  </testcase> <!-- loginDDT -->
  <testcase classname="com.iNetBanking.testCases.TC_LoginDDT_002" name="loginDDT" time="9.303"/>
  <testcase classname="com.iNetBanking.testCases.TC_LoginDDT_002" name="loginDDT" time="8.932">
    <failure type="java.lang.AssertionError" message="expected [true] but found [false]">
      <![CDATA[java.lang.AssertionError: expected [true] but found [false]
at com.iNetBanking.testCases.TC_LoginDDT_002.loginDDT(TC_LoginDDT_002.java:31)
at java.base/java.util.ArrayList.forEach(ArrayList.java:1511)
... Removed 29 stack frames]]>
    </failure>
  </testcase> <!-- loginDDT -->
  <testcase classname="com.iNetBanking.testCases.TC_LoginDDT_002" name="loginDDT" time="7.06">
    <failure type="java.lang.AssertionError" message="expected [true] but found [false]">
      <![CDATA[java.lang.AssertionError: expected [true] but found [false]
at com.iNetBanking.testCases.TC_LoginDDT_002.loginDDT(TC_LoginDDT_002.java:31)
at java.base/java.util.ArrayList.forEach(ArrayList.java:1511)
... Removed 29 stack frames]]>
    </failure>
  </testcase> <!-- loginDDT -->
  <testcase classname="com.iNetBanking.testCases.TC_AddCustomerTest_003" name="addNewCustomer" time="11.44"/>
</testsuite> <!-- iNetBankingApp Test -->
